[15-Jul-2015 22:26:51 Europe/London] PHP Fatal error:  Class 'Khem\Logger\Log' not found in /home/www/Khem/Logger/public/index.php on line 7
[15-Jul-2015 22:26:52 Europe/London] PHP Fatal error:  Class 'Khem\Logger\Log' not found in /home/www/Khem/Logger/public/index.php on line 7
[15-Jul-2015 22:26:52 Europe/London] PHP Fatal error:  Class 'Khem\Logger\Log' not found in /home/www/Khem/Logger/public/index.php on line 7
[15-Jul-2015 22:27:20 Europe/London] PHP Fatal error:  Class 'Khem\Logger\Log' not found in /home/www/Khem/Logger/public/index.php on line 7
[15-Jul-2015 22:27:52 Europe/London] PHP Fatal error:  Class 'Khem\Logger\Log' not found in /home/www/Khem/Logger/public/index.php on line 7
[15-Jul-2015 22:27:53 Europe/London] PHP Fatal error:  Class 'Khem\Logger\Log' not found in /home/www/Khem/Logger/public/index.php on line 7
[15-Jul-2015 22:27:53 Europe/London] PHP Fatal error:  Class 'Khem\Logger\Log' not found in /home/www/Khem/Logger/public/index.php on line 7
[15-Jul-2015 22:28:16 Europe/London] PHP Fatal error:  Class 'Khem\Logger\Log' not found in /home/www/Khem/Logger/public/index.php on line 7
[15-Jul-2015 22:28:17 Europe/London] PHP Fatal error:  Class 'Khem\Logger\Log' not found in /home/www/Khem/Logger/public/index.php on line 7
[15-Jul-2015 22:28:17 Europe/London] PHP Fatal error:  Class 'Khem\Logger\Log' not found in /home/www/Khem/Logger/public/index.php on line 7
[15-Jul-2015 22:28:17 Europe/London] PHP Fatal error:  Class 'Khem\Logger\Log' not found in /home/www/Khem/Logger/public/index.php on line 7
[15-Jul-2015 22:28:18 Europe/London] PHP Fatal error:  Class 'Khem\Logger\Log' not found in /home/www/Khem/Logger/public/index.php on line 7
[15-Jul-2015 22:28:18 Europe/London] PHP Fatal error:  Class 'Khem\Logger\Log' not found in /home/www/Khem/Logger/public/index.php on line 7
[15-Jul-2015 22:28:18 Europe/London] PHP Fatal error:  Class 'Khem\Logger\Log' not found in /home/www/Khem/Logger/public/index.php on line 7
[15-Jul-2015 22:28:18 Europe/London] PHP Fatal error:  Class 'Khem\Logger\Log' not found in /home/www/Khem/Logger/public/index.php on line 7
[15-Jul-2015 22:28:18 Europe/London] PHP Fatal error:  Class 'Khem\Logger\Log' not found in /home/www/Khem/Logger/public/index.php on line 7
[15-Jul-2015 22:28:54 Europe/London] PHP Fatal error:  Class 'Khem\Logger\Log' not found in /home/www/Khem/Logger/public/index.php on line 7
[15-Jul-2015 22:28:55 Europe/London] PHP Fatal error:  Class 'Khem\Logger\Log' not found in /home/www/Khem/Logger/public/index.php on line 7
[15-Jul-2015 22:29:35 Europe/London] PHP Fatal error:  Class 'Khem\Logger\Log' not found in /home/www/Khem/Logger/public/index.php on line 7
[15-Jul-2015 22:29:37 Europe/London] PHP Fatal error:  Class 'Khem\Logger\Log' not found in /home/www/Khem/Logger/public/index.php on line 7
[15-Jul-2015 22:29:37 Europe/London] PHP Fatal error:  Class 'Khem\Logger\Log' not found in /home/www/Khem/Logger/public/index.php on line 7
[15-Jul-2015 22:29:37 Europe/London] PHP Fatal error:  Class 'Khem\Logger\Log' not found in /home/www/Khem/Logger/public/index.php on line 7
[15-Jul-2015 22:29:37 Europe/London] PHP Fatal error:  Class 'Khem\Logger\Log' not found in /home/www/Khem/Logger/public/index.php on line 7
[15-Jul-2015 22:29:37 Europe/London] PHP Fatal error:  Class 'Khem\Logger\Log' not found in /home/www/Khem/Logger/public/index.php on line 7
[15-Jul-2015 22:29:46 Europe/London] PHP Fatal error:  Class 'Khem\Logger\Log' not found in /home/www/Khem/Logger/public/index.php on line 7
[15-Jul-2015 22:30:11 Europe/London] PHP Parse error:  syntax error, unexpected ';', expecting identifier (T_STRING) or \\ (T_NS_SEPARATOR) in /home/www/Khem/Logger/public/index.php on line 3
[15-Jul-2015 22:30:12 Europe/London] PHP Parse error:  syntax error, unexpected ';', expecting identifier (T_STRING) or \\ (T_NS_SEPARATOR) in /home/www/Khem/Logger/public/index.php on line 3
[15-Jul-2015 22:30:28 Europe/London] PHP Fatal error:  Class 'Khem\Logger\Log' not found in /home/www/Khem/Logger/public/index.php on line 4
[15-Jul-2015 22:30:29 Europe/London] PHP Fatal error:  Class 'Khem\Logger\Log' not found in /home/www/Khem/Logger/public/index.php on line 4
[15-Jul-2015 22:30:53 Europe/London] PHP Fatal error:  Class 'Khem\Logger\Log' not found in /home/www/Khem/Logger/public/index.php on line 4
[15-Jul-2015 22:30:54 Europe/London] PHP Fatal error:  Class 'Khem\Logger\Log' not found in /home/www/Khem/Logger/public/index.php on line 4
[15-Jul-2015 22:30:54 Europe/London] PHP Fatal error:  Class 'Khem\Logger\Log' not found in /home/www/Khem/Logger/public/index.php on line 4
[15-Jul-2015 22:30:54 Europe/London] PHP Fatal error:  Class 'Khem\Logger\Log' not found in /home/www/Khem/Logger/public/index.php on line 4
[15-Jul-2015 22:30:55 Europe/London] PHP Fatal error:  Class 'Khem\Logger\Log' not found in /home/www/Khem/Logger/public/index.php on line 4
[15-Jul-2015 22:31:02 Europe/London] PHP Notice:  Undefined variable: log in /home/www/Khem/Logger/public/index.php on line 6
[15-Jul-2015 22:31:28 Europe/London] PHP Fatal error:  Class 'Khem\Logger\Log' not found in /home/www/Khem/Logger/public/index.php on line 5
[15-Jul-2015 22:31:28 Europe/London] PHP Fatal error:  Class 'Khem\Logger\Log' not found in /home/www/Khem/Logger/public/index.php on line 5
[15-Jul-2015 22:31:29 Europe/London] PHP Fatal error:  Class 'Khem\Logger\Log' not found in /home/www/Khem/Logger/public/index.php on line 5
[15-Jul-2015 22:38:11 Europe/London] PHP Fatal error:  Class 'Khem\Logger\Log' not found in /home/www/Khem/Logger/public/index.php on line 5
[15-Jul-2015 22:41:15 Europe/London] PHP Fatal error:  Class 'Khem\Logger\Log' not found in /home/www/Khem/Logger/public/index.php on line 5
[15-Jul-2015 22:42:14 Europe/London] PHP Fatal error:  Class 'Khem\Logger\Log' not found in /home/www/Khem/Logger/public/index.php on line 5
[15-Jul-2015 22:42:14 Europe/London] PHP Fatal error:  Class 'Khem\Logger\Log' not found in /home/www/Khem/Logger/public/index.php on line 5
[15-Jul-2015 22:42:14 Europe/London] PHP Fatal error:  Class 'Khem\Logger\Log' not found in /home/www/Khem/Logger/public/index.php on line 5
[15-Jul-2015 22:43:13 Europe/London] PHP Fatal error:  Class 'Khem\Logger\Log' not found in /home/www/Khem/Logger/public/index.php on line 5
[15-Jul-2015 22:43:58 Europe/London] PHP Fatal error:  Class 'Khem\Logger\Log' not found in /home/www/Khem/Logger/public/index.php on line 5
[16-Jul-2015 21:06:37 Europe/London] PHP Notice:  Use of undefined constant REQUEST_URI - assumed 'REQUEST_URI' in /home/www/Khem/Logger/public/index.php on line 7
[16-Jul-2015 21:11:19 Europe/London] PHP Notice:  Use of undefined constant REQUEST_URI - assumed 'REQUEST_URI' in /home/www/Khem/Logger/src/Log.php on line 15
[16-Jul-2015 21:11:52 Europe/London] PHP Notice:  Use of undefined constant REQUEST_URI - assumed 'REQUEST_URI' in /home/www/Khem/Logger/public/index.php on line 7
[16-Jul-2015 21:14:41 Europe/London] PHP Notice:  Use of undefined constant REQUEST_URI - assumed 'REQUEST_URI' in /home/www/Khem/Logger/public/index.php on line 5
[16-Jul-2015 21:14:41 Europe/London] PHP Notice:  Use of undefined constant REQUEST_URI - assumed 'REQUEST_URI' in /home/www/Khem/Logger/public/index.php on line 7
[16-Jul-2015 21:15:32 Europe/London] PHP Notice:  Use of undefined constant HTTP_HOST - assumed 'HTTP_HOST' in /home/www/Khem/Logger/public/index.php on line 5
[16-Jul-2015 21:15:32 Europe/London] PHP Notice:  Use of undefined constant REQUEST_URI - assumed 'REQUEST_URI' in /home/www/Khem/Logger/public/index.php on line 6
[16-Jul-2015 21:15:32 Europe/London] PHP Notice:  Use of undefined constant REQUEST_URI - assumed 'REQUEST_URI' in /home/www/Khem/Logger/public/index.php on line 8
[16-Jul-2015 21:16:52 Europe/London] PHP Notice:  Use of undefined constant HTTP_HOST - assumed 'HTTP_HOST' in /home/www/Khem/Logger/src/Log.php on line 15
[16-Jul-2015 21:16:52 Europe/London] PHP Notice:  Use of undefined constant REQUEST_URI - assumed 'REQUEST_URI' in /home/www/Khem/Logger/src/Log.php on line 15
